Arguments: 
  /Volumes/SSD/.fnm/node-versions/v14.15.4/installation/bin/node /usr/local/Cellar/yarn/1.22.10/libexec/bin/yarn.js refmt

PATH: 
  .:/Volumes/SSD/.opam/reason/bin:.:.:.:.:.:.:.:.:.:.:.:/usr/local/opt/openssl@1.1/bin:/usr/local/opt/gnu-getopt/bin:/Users/mandalarian/Downloads/caramel/bin:/Users/mandalarian/.opam/default/bin/refmt:/Users/mandalarian/local/share/dotnet/dotnet:/usr/local/opt/fzf/bin:/var/folders/rt/7lc5vcw16459dszl8djk35fh0000gn/T/fnm_multishell_39676_1615121311188/bin:/Users/mandalarian/.rbenv/shims:/var/folders/rt/7lc5vcw16459dszl8djk35fh0000gn/T/fnm_multishell_39587_1615121310199/bin:/usr/local/bin:/usr/bin:/bin:/usr/sbin:/sbin:/Library/Apple/usr/bin:/usr/local/aria2/bin:/usr/local/share/dotnet:~/.dotnet/tools:/usr/local/go/bin:/Applications/Postgres.app/Contents/Versions/latest/bin:/Applications/Racket v7.6/bin:/Library/TeX/texbin:.:/Volumes/SSD/.opam/reason/bin:/var/folders/rt/7lc5vcw16459dszl8djk35fh0000gn/T/fnm_multishell_3790_1615109091434/bin:/Users/mandalarian/.rbenv/shims:/usr/local/opt/ruby/bin:/usr/local/opt/curl/bin:/usr/local/opt/sqlite/bin:/var/folders/rt/7lc5vcw16459dszl8djk35fh0000gn/T/fnm_multishell_3678_1615109088993/bin:set:-gx:RBENV_SHELL:fish:source:/usr/local/Cellar/rbenv/1.1.2/libexec/../completions/rbenv.fish:command:rbenv:rehash:function:-e:argv[1]:switch:case:shell:/var/folders/rt/7lc5vcw16459dszl8djk35fh0000gn/T//.psub.xD667JdAbj:*:end:/Users/mandalarian/.local/bin:set:-gx:RBENV_SHELL:fish:source:/usr/local/Cellar/rbenv/1.1.2/libexec/../completions/rbenv.fish:command:rbenv:rehash:function:rbenv:set:command:set:-e:argv[1]:switch:.:case:rehash:shell:source:/var/folders/rt/7lc5vcw16459dszl8djk35fh0000gn/T//.psub.BuqOSS8u7z:case:*:command:rbenv:.:end:end:/Users/mandalarian/.local/bin

Yarn version: 
  1.22.10

Node version: 
  14.15.4

Platform: 
  darwin x64

Trace: 
  SyntaxError: /Volumes/SSD/Github/ppxlib-simple-example/repacked/package.json: Unexpected token } in JSON at position 343
      at JSON.parse (<anonymous>)
      at /usr/local/Cellar/yarn/1.22.10/libexec/lib/cli.js:1625:59
      at Generator.next (<anonymous>)
      at step (/usr/local/Cellar/yarn/1.22.10/libexec/lib/cli.js:310:30)
      at /usr/local/Cellar/yarn/1.22.10/libexec/lib/cli.js:321:13

npm manifest: 
  {
    "name": "repacked",
    "version": "0.1.0",
    "scripts": {
      "build": "bsb -make-world",
      "start": "bsb -make-world -w",
      "clean": "bsb -clean-world",
      "refmt": "find src -name '*.re*' | xargs node_modules/.bin/refmt --in-place",
      "refmt2": "find src -name '*.re*' | xargs node_modules/bs-platform/lib/refmt.exe --in-place",
    },
    "keywords": [
      "BuckleScript"
    ],
    "author": "",
    "license": "MIT",
    "devDependencies": {
      "bs-platform": "^8.4.2",
      "reason-repacked": "^3.6.0-30fb3f55"
    }
  }

yarn manifest: 
  No manifest

Lockfile: 
  # THIS IS AN AUTOGENERATED FILE. DO NOT EDIT THIS FILE DIRECTLY.
  # yarn lockfile v1
  
  
  bs-platform@^8.4.2:
    version "8.4.2"
    resolved "https://registry.yarnpkg.com/bs-platform/-/bs-platform-8.4.2.tgz#778dabd1dfb3bc95e0086c58dabae74e4ebdee8a"
    integrity sha512-9q7S4/LLV/a68CweN382NJdCCr/lOSsJR3oQYnmPK98ChfO/AdiA3lYQkQTp6T+U0I5Z5RypUAUprNstwDtMDQ==
  
  reason-repacked@^3.6.0-30fb3f55:
    version "3.6.0-30fb3f55"
    resolved "https://registry.yarnpkg.com/reason-repacked/-/reason-repacked-3.6.0-30fb3f55.tgz#2789647445acb020d6d0d596575cbb1bdfccf333"
    integrity sha512-W00yGAeAGbJv2FCRM+FLMDmYIDo+zhknHDsGXCK6e8B8m+m0Ky33sqq2qkJNO8LitU4/UN2vIq+5ReJQpIAsdQ==
